2022-02-08 15:01:30.344 [main] INFO  traceId[] com.example.demo.DemoApplication:55 - Starting DemoApplication on DESKTOP-6OUD5PV with PID 24944 (E:\workplace\idea\demo\target\classes started by Administrator in E:\workplace\idea\demo)
2022-02-08 15:01:30.346 [main] INFO  traceId[] com.example.demo.DemoApplication:651 - No active profile set, falling back to default profiles: default
2022-02-08 15:01:31.011 [main] INFO  traceId[] o.s.d.r.config.RepositoryConfigurationDelegate:249 - Multiple Spring Data modules found, entering strict repository configuration mode!
2022-02-08 15:01:31.013 [main] INFO  traceId[] o.s.d.r.config.RepositoryConfigurationDelegate:127 - Bootstrapping Spring Data Redis repositories in DEFAULT mode.
2022-02-08 15:01:31.052 [main] INFO  traceId[] o.s.d.r.config.RepositoryConfigurationDelegate:187 - Finished Spring Data repository scanning in 27ms. Found 0 Redis repository interfaces.
2022-02-08 15:01:31.263 [main] INFO  traceId[] o.s.c.s.PostProcessorRegistrationDelegate$BeanPostProcessorChecker:335 - Bean 'threadPoolConfig' of type [com.example.demo.config.ThreadPoolConfig$$EnhancerBySpringCGLIB$$c6c49ed5] is not eligible for getting processed by all BeanPostProcessors (for example: not eligible for auto-proxying)
2022-02-08 15:01:31.281 [main] INFO  traceId[] o.s.c.s.PostProcessorRegistrationDelegate$BeanPostProcessorChecker:335 - Bean 'org.springframework.retry.annotation.RetryConfiguration' of type [org.springframework.retry.annotation.RetryConfiguration$$EnhancerBySpringCGLIB$$92e13d9b] is not eligible for getting processed by all BeanPostProcessors (for example: not eligible for auto-proxying)
2022-02-08 15:01:31.491 [main] INFO  traceId[] io.undertow.servlet:364 - Initializing Spring embedded WebApplicationContext
2022-02-08 15:01:31.491 [main] INFO  traceId[] o.s.b.w.s.c.ServletWebServerApplicationContext:285 - Root WebApplicationContext: initialization completed in 1113 ms
2022-02-08 15:01:31.547 [main] INFO  traceId[] c.example.demo.config.ThreadPoolExecutorMdcWrapper:181 - Initializing ExecutorService 'threadPoolTaskExecutor'
2022-02-08 15:01:31.639 [main] INFO  traceId[] c.a.d.s.b.a.DruidDataSourceAutoConfigure:56 - Init DruidDataSource
2022-02-08 15:01:32.632 [main] INFO  traceId[] com.alibaba.druid.pool.DruidDataSource:990 - {dataSource-1} inited
2022-02-08 15:01:34.559 [main] INFO  traceId[] o.s.scheduling.concurrent.ThreadPoolTaskScheduler:181 - Initializing ExecutorService 'taskScheduler'
2022-02-08 15:01:34.592 [main] INFO  traceId[] io.undertow:117 - starting server: Undertow - 2.1.3.Final
2022-02-08 15:01:34.598 [main] INFO  traceId[] org.xnio:95 - XNIO version 3.8.0.Final
2022-02-08 15:01:34.605 [main] INFO  traceId[] org.xnio.nio:59 - XNIO NIO Implementation Version 3.8.0.Final
2022-02-08 15:01:34.629 [main] INFO  traceId[] org.jboss.threads:52 - JBoss Threads version 3.1.0.Final
2022-02-08 15:01:34.666 [main] INFO  traceId[] o.s.boot.web.embedded.undertow.UndertowWebServer:133 - Undertow started on port(s) 9090 (http)
2022-02-08 15:01:34.676 [main] INFO  traceId[] com.example.demo.DemoApplication:61 - Started DemoApplication in 4.66 seconds (JVM running for 5.589)
2022-02-08 15:05:23.990 [XNIO-1 task-1] INFO  traceId[] io.undertow.servlet:364 - Initializing Spring DispatcherServlet 'dispatcherServlet'
2022-02-08 15:05:23.990 [XNIO-1 task-1] INFO  traceId[] org.springframework.web.servlet.DispatcherServlet:525 - Initializing Servlet 'dispatcherServlet'
2022-02-08 15:05:23.995 [XNIO-1 task-1] INFO  traceId[] org.springframework.web.servlet.DispatcherServlet:547 - Completed initialization in 5 ms
2022-02-08 15:05:24.110 [XNIO-1 task-1] INFO  traceId[9ab0f3b9-1929-41d6-a4c7-c3a89b6b1e19] com.example.demo.controller.TopicManageController:33 - 提交题目信息：{"createBy":"0","errorNum":1,"img":"","optionItem":[{"correct":false,"option":"进行趋势分析","serialNumber":1},{"correct":false,"option":"通过挣值评估在本项目中获得的经验","serialNumber":2},{"correct":false,"option":"要求每个承包商与你单独见面，费用由他们自己承担","serialNumber":3},{"correct":true,"option":"进行采购审计","serialNumber":4}],"queSetId":1,"remark":"结束时进行采购审计。采购审计是指对从规划采购管理过程到控制采购过程的所有采购过程进行结构化审查。其目的是找出合同准备或管理方面的成功经验与失败教训，供本项目其他采购合同或执行组织内其他项目的采购合同借鉴。","topicDesc":"作为项目整合管理人员，你的主要工作是协调大量承包商的工作。你目前的项目是用完全依靠全球卫星定位的空中交通控制系统替代老的系统。项目已经接近尾声。你有 15 个承包商和大量的其它供货商。其中几个承包商非常容易共事。你的组织未来还将再次雇佣他们。其中一个承包商每隔一周就提出变更请求，要求增加经费。另一个从来没有提出过变更要求。两个公司在遵守管理规定方面遇到了困难，但是都还够按时交货。在项目结束阶段你应该：","topicType":1,"updateB":"0"}
2022-02-08 15:05:24.238 [XNIO-1 task-1] INFO  traceId[9ab0f3b9-1929-41d6-a4c7-c3a89b6b1e19] com.example.demo.Interceptor.LogInterceptor:45 - 调用结束后删除...
2022-02-08 15:08:13.554 [XNIO-1 task-1] INFO  traceId[6aa2d28b-7308-430f-9260-c99ffbef5421] com.example.demo.controller.TopicManageController:33 - 提交题目信息：{"createBy":"0","errorNum":1,"img":"","optionItem":[{"correct":false,"option":"在应急储备金中","serialNumber":1},{"correct":false,"option":"在批准的变更请求和变更管理计划中","serialNumber":2},{"correct":true,"option":"在成本基准和批准的变更请求中","serialNumber":3},{"correct":false,"option":"在成本绩效指数和完工预算中","serialNumber":4}],"queSetId":1,"remark":"变更请求得到批准后，可能需要编制新的（或修订的）成本估算、活动排序、进度日期、资源需求和风险应对方案分析。所属知识领域：项目整合管理。所属过程组：监控过程组。考点：项目计划、项目文件更新。出处：PMBOK2012 中 4.5。","topicDesc":"在一个软件项目中，一家外部变更请求获得批准，并正在执行，这包含了新的工作包以及额外资金，这些资金将被记录在哪一份（哪些）项目文件中？","topicType":1,"updateB":"0"}
2022-02-08 15:08:13.581 [XNIO-1 task-1] INFO  traceId[6aa2d28b-7308-430f-9260-c99ffbef5421] com.example.demo.Interceptor.LogInterceptor:45 - 调用结束后删除...
2022-02-08 15:09:58.556 [XNIO-1 task-1] INFO  traceId[e0eb9f76-5144-4d98-bcd1-958498ce873c] com.example.demo.controller.TopicManageController:33 - 提交题目信息：{"createBy":"0","errorNum":1,"img":"","optionItem":[{"correct":false,"option":"工程师的笔记","serialNumber":1},{"correct":false,"option":"电子邮件信息","serialNumber":2},{"correct":true,"option":"项目管理计划","serialNumber":3},{"correct":false,"option":"A 和 B","serialNumber":4}],"queSetId":1,"remark":"不是非正式书面沟通--是指正式书面沟通。","topicDesc":"下列各项哪一项不是非正式书面沟通的例子？","topicType":1,"updateB":"0"}
2022-02-08 15:09:58.578 [XNIO-1 task-1] INFO  traceId[e0eb9f76-5144-4d98-bcd1-958498ce873c] com.example.demo.Interceptor.LogInterceptor:45 - 调用结束后删除...
2022-02-08 15:11:33.759 [XNIO-1 task-1] INFO  traceId[38e47cfc-7f9b-4b8c-9d7b-dd918b906250] com.example.demo.controller.TopicManageController:33 - 提交题目信息：{"createBy":"0","errorNum":1,"img":"","optionItem":[{"correct":false,"option":"项目治理时一种符合组织治理模式的项目监管职能，覆盖整个项目生命周期","serialNumber":1},{"correct":false,"option":"项目治理框架向项目经理和团队提供管理项目的结构、流程、决策模式和工具","serialNumber":2},{"correct":true,"option":"项目治理由项目组合、项目集或发起组织定义，并要与之相适应，并与组织治理相结合","serialNumber":3},{"correct":false,"option":"项目治理提供项目决策，定义项目角色、职责和追责机制，评价项目经理的有效性","serialNumber":4}],"queSetId":1,"remark":"项目治理是一种符合组织治理模式的项目监管职能，覆盖整个项目生命周期。项目治理框架向项目经理和团队提供管理项目的结构、流程、决策模式和工具，同时对项目进行支持和控制，以实现项目的成功交付。对于任何项目，项目治理都非常关键，尤其是对于复杂和高风险的项目。通过定义、记录和沟通可靠的、可复用的项目实践，项目治理为控制项目并确保项目成功提供了一套全面的、一致的方法。它提供项目决策框架，定义项目角色、职责和追责机制，评价项目经理的有效性。项目治理由项目组合、项目集或发起组织来定义，并要与之相适应，但需要与组织治理分开。","topicDesc":"对于任何项目，尤其是复杂和高风险项目，项目治理都非常关键。以下有关项目治理的描述都是正确的，除了：","topicType":1,"updateB":"0"}
2022-02-08 15:11:33.782 [XNIO-1 task-1] INFO  traceId[38e47cfc-7f9b-4b8c-9d7b-dd918b906250] com.example.demo.Interceptor.LogInterceptor:45 - 调用结束后删除...
2022-02-08 15:13:13.718 [XNIO-1 task-1] INFO  traceId[69b8937e-0738-491d-a6b0-f2167427310e] com.example.demo.controller.TopicManageController:33 - 提交题目信息：{"createBy":"0","errorNum":1,"img":"","optionItem":[{"correct":false,"option":"获得适当层面的批准","serialNumber":1},{"correct":false,"option":"提交适当的变更请求","serialNumber":2},{"correct":false,"option":"评估变更对进度的影响","serialNumber":3},{"correct":true,"option":"根据进度偏差调整项目完工日期","serialNumber":4}],"queSetId":1,"remark":"有变更走变更流程。先提变更请求，评估变更影响，获取变更批准。选项 D是获得批准后进行的活动。","topicDesc":"变更项目进度基准的要素不包括下列哪一个：","topicType":1,"updateB":"0"}
2022-02-08 15:13:13.741 [XNIO-1 task-1] INFO  traceId[69b8937e-0738-491d-a6b0-f2167427310e] com.example.demo.Interceptor.LogInterceptor:45 - 调用结束后删除...
2022-02-08 15:22:52.634 [XNIO-1 task-1] INFO  traceId[70f2adda-53af-4ac4-b131-864bf9afb552] com.example.demo.controller.TopicManageController:33 - 提交题目信息：{"createBy":"0","errorNum":1,"img":"\\profile\\upload\\common-resource\\pmp\\a7a9ad75-e8a2-440e-9aca-bf45b9ce8e34.png","optionItem":[{"correct":false,"option":"-$1,500","serialNumber":1},{"correct":true,"option":"$3,500","serialNumber":2},{"correct":false,"option":"$1,500","serialNumber":3},{"correct":false,"option":"$5,000","serialNumber":4}],"queSetId":1,"remark":"机会成本是指选择一个项目，放弃另外一个项目，另外一个项目有可能带来的收益。采购带来的收益：12000*50%-5000*50%=3500。即不选择采购方式的机会成本是 3500。","topicDesc":"根据下图中的决策树分析，如果项目经理选择了建造而不是采购，那么机会成本是多少？","topicType":1,"updateB":"0"}
2022-02-08 15:22:52.659 [XNIO-1 task-1] INFO  traceId[70f2adda-53af-4ac4-b131-864bf9afb552] com.example.demo.Interceptor.LogInterceptor:45 - 调用结束后删除...
2022-02-08 15:25:13.161 [XNIO-1 task-1] INFO  traceId[d3932582-6efe-4d1a-a832-015d168e6326] com.example.demo.controller.TopicManageController:33 - 提交题目信息：{"createBy":"0","errorNum":1,"img":"","optionItem":[{"correct":true,"option":"交换项目方针、程序、模版和其他共用文件的组织结构","serialNumber":1},{"correct":false,"option":"管理每个受特定资源限制的项目的项目目标","serialNumber":2},{"correct":false,"option":"管理单个项目的制约因素","serialNumber":3},{"correct":false,"option":"控制分配给单个项目的资源","serialNumber":4}],"queSetId":1,"remark":"PMO 从整体上支持项目。","topicDesc":"组织要设立 PMO，项目管理办公室的主要作用是？","topicType":1,"updateB":"0"}
2022-02-08 15:25:13.184 [XNIO-1 task-1] INFO  traceId[d3932582-6efe-4d1a-a832-015d168e6326] com.example.demo.Interceptor.LogInterceptor:45 - 调用结束后删除...
2022-02-08 15:27:00.893 [XNIO-1 task-1] INFO  traceId[e277a8bd-fb08-4662-9f2d-c44d21285b66] com.example.demo.controller.TopicManageController:33 - 提交题目信息：{"createBy":"0","errorNum":1,"img":"","optionItem":[{"correct":false,"option":"建议书","serialNumber":1},{"correct":false,"option":"工作声明","serialNumber":2},{"correct":false,"option":"条款","serialNumber":3},{"correct":true,"option":"谈判过程","serialNumber":4}],"queSetId":1,"remark":"项目经理采用记录管理系统来管理合同、采购文档和相关记录。它包含一套特定的过程、相关的控制功能，以及作为项目管理信息系统一部分的自动化工具。该系统中包含可检索的合同文件和往来函件档案。记录与存档的都是具体文档，不必记录某个过程。","topicDesc":"作为记录管理系统的一部分，你试图确保所有的采购记录都己记入文件并加上了索引。下列哪项你不必担忧？","topicType":1,"updateB":"0"}
2022-02-08 15:27:00.918 [XNIO-1 task-1] INFO  traceId[e277a8bd-fb08-4662-9f2d-c44d21285b66] com.example.demo.Interceptor.LogInterceptor:45 - 调用结束后删除...
2022-02-08 15:28:04.352 [XNIO-1 task-1] INFO  traceId[cd533c62-9175-4ad9-ac09-f6fe3aea7ebe] com.example.demo.controller.TopicManageController:33 - 提交题目信息：{"createBy":"0","errorNum":1,"img":"","optionItem":[{"correct":false,"option":"问出资人他所需要的信息如果可以用报告寄给他，是否可以不参加会议","serialNumber":1},{"correct":false,"option":"和不想参加会议的团队成员讲这些会议的沟通价值","serialNumber":2},{"correct":true,"option":"编制新的会议规章，让团队遵守","serialNumber":3},{"correct":false,"option":"请团队所有成员参加团队建设工作","serialNumber":4}],"queSetId":1,"remark":"团队会议是团队交流的最好平台之一。这个工具需要利用好。","topicDesc":"一项目很难管理。每个人都将将在规定时间内完成工作。不幸的是，气氛越来越紧张，大家在团队会议上争吵，每次会议都完不成什么工作。一团队成员请求不参加以后的会议，因为他厌倦了争吵。同时，出资人要参加团队会议以更好的了解项目进行的如何和完成该项目涉及的问题，客户已经开始讨论增加项目的范围。在这种情况下，项目经理最好：","topicType":1,"updateB":"0"}
2022-02-08 15:28:04.376 [XNIO-1 task-1] INFO  traceId[cd533c62-9175-4ad9-ac09-f6fe3aea7ebe] com.example.demo.Interceptor.LogInterceptor:45 - 调用结束后删除...
