2022-01-24 11:42:22.780 [XNIO-1 task-1] INFO  traceId[4138e108-35ef-4c8f-870c-d80b90694e1c] com.example.demo.controller.TopicManageController:34 - 提交题目信息：{"createBy":"0","img":"","optionItem":[{"correct":false,"option":"与团队成员的经理协商在另外时间完成该任务","serialNumber":1},{"correct":true,"option":"从另外一个部门调用人员","serialNumber":2},{"correct":false,"option":"与项目发起人反映团队成员的经理违规","serialNumber":3},{"correct":false,"option":"指示团队成员经理释放资源已完成任务 ","serialNumber":4}],"queSetId":18,"remark":"项目以外的工作，的确是不应该由项目团队成员完成的。但是题干的意思，很显然是很重要的工作，不得不做。B 是积极寻找人手来解决，是可选项。另外，根据题意要从选项中选择一个合适的消除风险的措施，相对来说 B 最恰当。","topicDesc":"团队成员通知 PM 需要完成项目以外的一项关键任务，这可能会导致项目延期风险，PM要消除该风险需如何做？","topicType":1,"updateB":"0"}
2022-01-24 11:42:22.817 [XNIO-1 task-1] INFO  traceId[4138e108-35ef-4c8f-870c-d80b90694e1c] com.example.demo.Interceptor.LogInterceptor:45 - 调用结束后删除...
2022-01-24 11:43:44.110 [XNIO-1 task-1] INFO  traceId[7b35af56-b72c-4fc5-bd47-ba3ecb985d39] com.example.demo.controller.TopicManageController:34 - 提交题目信息：{"createBy":"0","img":"","optionItem":[{"correct":true,"option":"固定总价","serialNumber":1},{"correct":false,"option":"成本加固定费用","serialNumber":2},{"correct":false,"option":"成本加奖励费用","serialNumber":3},{"correct":false,"option":"时间材料合同 ","serialNumber":4}],"queSetId":18,"remark":"能确定 SOW，说明采购范围确定，能界定产品、成果和服务。","topicDesc":"某项目经理正在负责的项目中有部分建筑的工作，而建筑并非公司的长项。他的团队有能力创建一个详细的 SOW 和如果不能满足 SOW 中可交付成果时的惩罚条款。他正在考虑选择什么样的合同最合适。下面哪项合同类型最适合此种情况：","topicType":1,"updateB":"0"}
2022-01-24 11:43:44.134 [XNIO-1 task-1] INFO  traceId[7b35af56-b72c-4fc5-bd47-ba3ecb985d39] com.example.demo.Interceptor.LogInterceptor:45 - 调用结束后删除...
2022-01-24 11:48:48.880 [XNIO-1 task-1] INFO  traceId[cc54ccec-287c-4cb1-bdb1-5338474be14f] com.example.demo.controller.TopicManageController:34 - 提交题目信息：{"createBy":"0","img":"","optionItem":[{"correct":false,"option":"固定总价合同(FFP)","serialNumber":1},{"correct":true,"option":"总价加经济价格调整合同","serialNumber":2},{"correct":false,"option":"工料合同(T＆M)","serialNumber":3},{"correct":false,"option":"成本加固定费(CPFF) ","serialNumber":4}],"queSetId":18,"remark":"根据题意，此题的项目经理是卖方的项目经理。所以要站在供方的角度来考虑。题干的范围已经确定，又要避免金融风险。根据我们对合同的理解，总价加经济价格调整合同就最合适了。它有利于买卖双方之间维持多种长期关系。也能根据金融风险做调整。","topicDesc":"你是项目经理，你的部门经理来找你，要你帮助她投标新的项目。你想保护你的公司免受金融风险，你已经定义了范围限制。最好选择哪种合同？","topicType":1,"updateB":"0"}
2022-01-24 11:48:48.904 [XNIO-1 task-1] INFO  traceId[cc54ccec-287c-4cb1-bdb1-5338474be14f] com.example.demo.Interceptor.LogInterceptor:45 - 调用结束后删除...
2022-01-24 11:50:59.812 [XNIO-1 task-1] INFO  traceId[5d869469-a325-4969-b031-88b3ab24570f] com.example.demo.controller.TopicManageController:34 - 提交题目信息：{"createBy":"0","img":"","optionItem":[{"correct":false,"option":"通过与相关方开会，解释清楚   ","serialNumber":1},{"correct":true,"option":"跟相关方沟通，后续举行一次非正式会议沟通，但现在的会意相关方停止目前行为并支持项目经理","serialNumber":2},{"correct":false,"option":"现场举证证明自己是正确的","serialNumber":3},{"correct":false,"option":"承认相关方的问题，再继续开会","serialNumber":4}],"queSetId":18,"remark":"需要和这位相关方沟通清楚，但是不是在这次会议上，因为会耽误其他人的时间，会后再去和他沟通是最恰当的，选 B。","topicDesc":"一次会议中，一名项目相关方不停打断会议，阻止项目经理分享项目更新，相关方说项目没有按照范围进行，项目经理应该对相关方怎么做？","topicType":1,"updateB":"0"}
2022-01-24 11:50:59.835 [XNIO-1 task-1] INFO  traceId[5d869469-a325-4969-b031-88b3ab24570f] com.example.demo.Interceptor.LogInterceptor:45 - 调用结束后删除...
2022-01-24 11:52:02.605 [XNIO-1 task-1] INFO  traceId[40379311-2f9e-4082-b4e8-1849967d169a] com.example.demo.controller.TopicManageController:34 - 提交题目信息：{"createBy":"0","img":"","optionItem":[{"correct":false,"option":"审查项目管理信息系统   ","serialNumber":1},{"correct":false,"option":"审查干系人登记册","serialNumber":2},{"correct":false,"option":"邀请参加下次项目会议","serialNumber":3},{"correct":true,"option":"审查沟通管理计划","serialNumber":4}],"queSetId":18,"remark":"高级经理向团队成员沟通项目信息，我们需要通过审查沟通管理计划去确认沟通方法是否正确，选 D。","topicDesc":"项目经理管理一个复杂项目，干系人位于多个国家，得知一位高级经理咨询团队成员项目信息，项目经理下一步应该怎么做？","topicType":1,"updateB":"0"}
2022-01-24 11:52:02.631 [XNIO-1 task-1] INFO  traceId[40379311-2f9e-4082-b4e8-1849967d169a] com.example.demo.Interceptor.LogInterceptor:45 - 调用结束后删除...
2022-01-24 11:53:58.640 [XNIO-1 task-1] INFO  traceId[6a4cea59-69d2-4b3e-afec-8f0c1b172332] com.example.demo.controller.TopicManageController:34 - 提交题目信息：{"createBy":"0","img":"","optionItem":[{"correct":true,"option":"项目文件","serialNumber":1},{"correct":false,"option":"项目管理计划","serialNumber":2},{"correct":false,"option":"经验教训文档","serialNumber":3},{"correct":false,"option":"质量测量指标","serialNumber":4}],"queSetId":18,"remark":" 8.3 控制质量。完成的核对单。如果使用了核对单，完成的核对单就会成为项目文件和组织过程资产的一部分。","topicDesc":"完成项目控制之后，组织过程资产被更新，当质量核对单被使用，完成后的质量检查单都是下列哪项的一部分？","topicType":1,"updateB":"0"}
2022-01-24 11:53:58.671 [XNIO-1 task-1] INFO  traceId[6a4cea59-69d2-4b3e-afec-8f0c1b172332] com.example.demo.Interceptor.LogInterceptor:45 - 调用结束后删除...
2022-01-24 11:56:15.338 [XNIO-1 task-1] INFO  traceId[9427d213-d0a6-49bd-8d46-5ce3eff38fca] com.example.demo.controller.TopicManageController:34 - 提交题目信息：{"createBy":"0","img":"","optionItem":[{"correct":false,"option":"已经完成的比计划的低","serialNumber":1},{"correct":false,"option":"花费比计划的低","serialNumber":2},{"correct":true,"option":"在相同的效率继续执行项目，没有管理层的干扰，项目可能在进度提前、超出预算的情况下完成","serialNumber":3},{"correct":false,"option":"在相同的效率继续执行项目，没有管理层的干扰，项目可能在进度落后、预算之内的情况下完成","serialNumber":4}],"queSetId":18,"remark":"CV=EV-AC>0，成本节约。SV=EV-PV<0，进度落后。","topicDesc":"一个历时 10 个月价值 30,000 美元的项目，分析显示累积 PV 是 20,000 美元，累积 AC是 10,000 美元，累积 EV 是 15,000 美元。在考虑下一行动时，管理层根据这些数据可以推断出下列所有情况，除了：","topicType":1,"updateB":"0"}
2022-01-24 11:56:15.364 [XNIO-1 task-1] INFO  traceId[9427d213-d0a6-49bd-8d46-5ce3eff38fca] com.example.demo.Interceptor.LogInterceptor:45 - 调用结束后删除...
2022-01-24 11:58:23.073 [XNIO-1 task-1] INFO  traceId[45a07f45-ce01-4272-9e46-b418b7b70ea9] com.example.demo.controller.TopicManageController:34 - 提交题目信息：{"createBy":"0","img":"","optionItem":[{"correct":false,"option":"人员库描述","serialNumber":1},{"correct":true,"option":"人员配备管理计划","serialNumber":2},{"correct":false,"option":"职责分配矩阵","serialNumber":3},{"correct":false,"option":"组织矩阵","serialNumber":4}],"queSetId":18,"remark":"人员配备管理计划说明将在何时、以何种方式获得项目团队成员，以及他们需要在项目中工作多久。责任分配矩阵：一种展示项目资源在各个工作包中的任务分配的表格。组织矩阵以矩阵表的形式展现组织成员。从人员配备管理计划中可以获知项目所需资源及资源使用时间。","topicDesc":"你是一个复杂建筑项目的项目经理，该项目为北卡罗莱恩州修建高速公路。你的项目内有几个小组。为了计划这个项目所需要的资源，你应该使用：","topicType":1,"updateB":"0"}
2022-01-24 11:58:23.096 [XNIO-1 task-1] INFO  traceId[45a07f45-ce01-4272-9e46-b418b7b70ea9] com.example.demo.Interceptor.LogInterceptor:45 - 调用结束后删除...
2022-01-24 11:59:44.803 [XNIO-1 task-1] INFO  traceId[a2eff810-1aac-422b-a007-8d947aa84955] com.example.demo.controller.TopicManageController:34 - 提交题目信息：{"createBy":"0","img":"","optionItem":[{"correct":true,"option":"审查相关方优先级","serialNumber":1},{"correct":false,"option":"只记录关键相关方","serialNumber":2},{"correct":false,"option":"收集所有相关方的需求","serialNumber":3},{"correct":false,"option":"识别相关方","serialNumber":4}],"queSetId":18,"remark":"参考指南 518 页，为满足项目相关方的多样性信息需求，应该在项目生命周期的早期制定一份有效的计划；然后随着相关方社区的变化，定期审查和更新该计划。包括：当其他项目过程（如变更管理、风险管理或问题管理）的输出导致需要重新审查相关方参与策略。既然大家的需求都堆到一起，已经让成本超支，定是不能答应的。此时应该查看大家的重要程度优先级，也是极好滴！","topicDesc":"多位相关方提出要求，导致项目成本预算超出，为了管理这个问题，项目经理在规划过程中应当怎么做","topicType":1,"updateB":"0"}
2022-01-24 11:59:44.825 [XNIO-1 task-1] INFO  traceId[a2eff810-1aac-422b-a007-8d947aa84955] com.example.demo.Interceptor.LogInterceptor:45 - 调用结束后删除...
2022-01-24 16:04:43.907 [XNIO-1 task-1] INFO  traceId[fccf8282-ffee-47c0-924f-583610003922] com.example.demo.controller.TopicManageController:34 - 提交题目信息：{"createBy":"0","img":"","optionItem":[{"correct":false,"option":"CPU 访问内存","serialNumber":1},{"correct":false,"option":"CPU 与 I/O 接口交换信息","serialNumber":2},{"correct":false,"option":"CPU 与 PCI 总线交换信息","serialNumber":3},{"correct":true,"option":"I/O 接口与打印机交换信息","serialNumber":4}],"queSetId":2,"remark":"本题考查计算机系统中数据传输的方式。CPU 访问内存通常是同步方式，CPU 与 I/O接口交换信息通常是同步方式，CPU 与 PCI 总线交换信息通常是同步方式，I/O 接口与打印机交换信息则通常采用基于缓存池的异步方式，因此答案为 D。","topicDesc":"【2010 年题 11】计算机系统中，在( )的情况下一般应采用异步传输方式。","topicType":1,"updateB":"0"}
2022-01-24 16:04:43.940 [XNIO-1 task-1] INFO  traceId[fccf8282-ffee-47c0-924f-583610003922] com.example.demo.Interceptor.LogInterceptor:45 - 调用结束后删除...
2022-01-24 16:06:36.755 [main] INFO  traceId[] com.example.demo.DemoApplicationTests:55 - Starting DemoApplicationTests on DESKTOP-6OUD5PV with PID 11648 (started by Administrator in E:\workplace\idea\demo)
2022-01-24 16:06:36.756 [main] INFO  traceId[] com.example.demo.DemoApplicationTests:651 - No active profile set, falling back to default profiles: default
2022-01-24 16:06:37.331 [main] INFO  traceId[] o.s.d.r.config.RepositoryConfigurationDelegate:249 - Multiple Spring Data modules found, entering strict repository configuration mode!
2022-01-24 16:06:37.334 [main] INFO  traceId[] o.s.d.r.config.RepositoryConfigurationDelegate:127 - Bootstrapping Spring Data Redis repositories in DEFAULT mode.
2022-01-24 16:06:37.369 [main] INFO  traceId[] o.s.d.r.config.RepositoryConfigurationDelegate:187 - Finished Spring Data repository scanning in 23ms. Found 0 Redis repository interfaces.
2022-01-24 16:06:37.698 [main] INFO  traceId[] o.s.c.s.PostProcessorRegistrationDelegate$BeanPostProcessorChecker:335 - Bean 'threadPoolConfig' of type [com.example.demo.config.ThreadPoolConfig$$EnhancerBySpringCGLIB$$a93a2b8f] is not eligible for getting processed by all BeanPostProcessors (for example: not eligible for auto-proxying)
2022-01-24 16:06:37.742 [main] INFO  traceId[] o.s.c.s.PostProcessorRegistrationDelegate$BeanPostProcessorChecker:335 - Bean 'org.springframework.retry.annotation.RetryConfiguration' of type [org.springframework.retry.annotation.RetryConfiguration$$EnhancerBySpringCGLIB$$7556ca55] is not eligible for getting processed by all BeanPostProcessors (for example: not eligible for auto-proxying)
2022-01-24 16:06:38.011 [main] INFO  traceId[] c.example.demo.config.ThreadPoolExecutorMdcWrapper:181 - Initializing ExecutorService 'threadPoolTaskExecutor'
2022-01-24 16:06:38.226 [main] INFO  traceId[] c.a.d.s.b.a.DruidDataSourceAutoConfigure:56 - Init DruidDataSource
2022-01-24 16:06:39.744 [main] INFO  traceId[] com.alibaba.druid.pool.DruidDataSource:990 - {dataSource-1} inited
2022-01-24 16:06:42.393 [main] INFO  traceId[] o.s.scheduling.concurrent.ThreadPoolTaskScheduler:181 - Initializing ExecutorService 'taskScheduler'
2022-01-24 16:06:42.437 [main] INFO  traceId[] com.example.demo.DemoApplicationTests:61 - Started DemoApplicationTests in 6.05 seconds (JVM running for 7.021)
2022-01-24 16:06:42.896 [main] INFO  traceId[] com.example.demo.pdf.PdfProblem:64 - 开始生成pdf....
2022-01-24 16:06:43.271 [main] INFO  traceId[] com.example.demo.pdf.PdfProblem:97 - 结束生成pdf....
2022-01-24 16:06:43.286 [SpringContextShutdownHook] INFO  traceId[] o.s.scheduling.concurrent.ThreadPoolTaskScheduler:218 - Shutting down ExecutorService 'taskScheduler'
2022-01-24 16:06:43.316 [SpringContextShutdownHook] INFO  traceId[] com.alibaba.druid.pool.DruidDataSource:2043 - {dataSource-1} closing ...
2022-01-24 16:06:43.324 [SpringContextShutdownHook] INFO  traceId[] com.alibaba.druid.pool.DruidDataSource:2116 - {dataSource-1} closed
2022-01-24 16:06:43.324 [SpringContextShutdownHook] INFO  traceId[] c.example.demo.config.ThreadPoolExecutorMdcWrapper:218 - Shutting down ExecutorService 'threadPoolTaskExecutor'
